2025-08-25 19:11:22,463 - INFO - Starting site generation...
2025-08-25 19:11:22,481 - INFO - Generated: /Users/stephen.hilton/Dev/familyhilton.com/dev/attempts/02/blogs.html
2025-08-25 19:11:22,514 - INFO - Generated: /Users/stephen.hilton/Dev/familyhilton.com/dev/attempts/02/pets.html
2025-08-25 19:11:22,517 - INFO - Generated: /Users/stephen.hilton/Dev/familyhilton.com/dev/attempts/02/about.html
2025-08-25 19:11:22,525 - INFO - Generated: /Users/stephen.hilton/Dev/familyhilton.com/dev/attempts/02/index.html
2025-08-25 19:11:22,528 - INFO - Generated: /Users/stephen.hilton/Dev/familyhilton.com/dev/attempts/02/people.html
2025-08-25 19:11:22,532 - INFO - Generated: /Users/stephen.hilton/Dev/familyhilton.com/dev/attempts/02/README.html
2025-08-25 19:11:22,534 - INFO - Generated: /Users/stephen.hilton/Dev/familyhilton.com/dev/attempts/02/blogs/2025-08-05--stephen--Confessions-of-GenX-Tech-Leader.html
2025-08-25 19:11:22,535 - INFO - Generated: /Users/stephen.hilton/Dev/familyhilton.com/dev/attempts/02/blogs/2025-08-12--stephen--Vibe-Coding-Web-Builder.html
2025-08-25 19:11:22,536 - INFO - Generated: /Users/stephen.hilton/Dev/familyhilton.com/dev/attempts/02/pets/sunny.html
2025-08-25 19:11:22,536 - INFO - Generated: /Users/stephen.hilton/Dev/familyhilton.com/dev/attempts/02/pets/luna.html
2025-08-25 19:11:22,537 - INFO - Generated: /Users/stephen.hilton/Dev/familyhilton.com/dev/attempts/02/pets/zelda.html
2025-08-25 19:11:22,537 - INFO - Generated: /Users/stephen.hilton/Dev/familyhilton.com/dev/attempts/02/people/joy.html
2025-08-25 19:11:22,538 - INFO - Generated: /Users/stephen.hilton/Dev/familyhilton.com/dev/attempts/02/people/stephen.html
2025-08-25 19:11:22,542 - INFO - Generated: /Users/stephen.hilton/Dev/familyhilton.com/dev/attempts/02/src/prompt.html
2025-08-25 19:11:22,543 - INFO - Site generation completed!
2025-08-25 19:11:22,639 - INFO - Starting site generation...
2025-08-25 19:11:22,656 - INFO - Generated: /Users/stephen.hilton/Dev/familyhilton.com/dev/attempts/02/blogs.html
2025-08-25 19:11:22,675 - INFO - Generated: /Users/stephen.hilton/Dev/familyhilton.com/dev/attempts/02/pets.html
2025-08-25 19:11:22,678 - INFO - Generated: /Users/stephen.hilton/Dev/familyhilton.com/dev/attempts/02/about.html
2025-08-25 19:11:22,685 - INFO - Generated: /Users/stephen.hilton/Dev/familyhilton.com/dev/attempts/02/index.html
2025-08-25 19:11:22,687 - INFO - Generated: /Users/stephen.hilton/Dev/familyhilton.com/dev/attempts/02/people.html
2025-08-25 19:11:22,689 - INFO - Generated: /Users/stephen.hilton/Dev/familyhilton.com/dev/attempts/02/README.html
2025-08-25 19:11:22,690 - INFO - Generated: /Users/stephen.hilton/Dev/familyhilton.com/dev/attempts/02/blogs/2025-08-05--stephen--Confessions-of-GenX-Tech-Leader.html
2025-08-25 19:11:22,692 - INFO - Generated: /Users/stephen.hilton/Dev/familyhilton.com/dev/attempts/02/blogs/2025-08-12--stephen--Vibe-Coding-Web-Builder.html
2025-08-25 19:11:22,692 - INFO - Generated: /Users/stephen.hilton/Dev/familyhilton.com/dev/attempts/02/pets/sunny.html
2025-08-25 19:11:22,693 - INFO - Generated: /Users/stephen.hilton/Dev/familyhilton.com/dev/attempts/02/pets/luna.html
2025-08-25 19:11:22,693 - INFO - Generated: /Users/stephen.hilton/Dev/familyhilton.com/dev/attempts/02/pets/zelda.html
2025-08-25 19:11:22,694 - INFO - Generated: /Users/stephen.hilton/Dev/familyhilton.com/dev/attempts/02/people/joy.html
2025-08-25 19:11:22,695 - INFO - Generated: /Users/stephen.hilton/Dev/familyhilton.com/dev/attempts/02/people/stephen.html
2025-08-25 19:11:22,699 - INFO - Generated: /Users/stephen.hilton/Dev/familyhilton.com/dev/attempts/02/src/prompt.html
2025-08-25 19:11:22,699 - INFO - Site generation completed!
