2025-08-25 18:48:24,620 - INFO - Starting site generation...
2025-08-25 18:48:24,627 - ERROR - Error rendering template navs/top.jinja: 'nav_html' is undefined
2025-08-25 18:48:24,638 - INFO - Generated: /Users/stephen.hilton/Dev/familyhilton.com/dev/attempts/02/blogs.html
2025-08-25 18:48:24,640 - ERROR - Error rendering template navs/top.jinja: 'nav_html' is undefined
2025-08-25 18:48:24,676 - INFO - Generated: /Users/stephen.hilton/Dev/familyhilton.com/dev/attempts/02/pets.html
2025-08-25 18:48:24,678 - ERROR - Error rendering template navs/top.jinja: 'nav_html' is undefined
2025-08-25 18:48:24,679 - INFO - Generated: /Users/stephen.hilton/Dev/familyhilton.com/dev/attempts/02/about.html
2025-08-25 18:48:24,683 - ERROR - Error rendering template navs/homepage.jinja: 'navs/homepage.jinja' not found in search path: '/Users/stephen.hilton/Dev/familyhilton.com/dev/attempts/02/src/templates'
2025-08-25 18:48:24,688 - INFO - Generated: /Users/stephen.hilton/Dev/familyhilton.com/dev/attempts/02/index.html
2025-08-25 18:48:24,690 - ERROR - Error rendering template navs/top.jinja: 'nav_html' is undefined
2025-08-25 18:48:24,691 - INFO - Generated: /Users/stephen.hilton/Dev/familyhilton.com/dev/attempts/02/people.html
2025-08-25 18:48:24,694 - INFO - Generated: /Users/stephen.hilton/Dev/familyhilton.com/dev/attempts/02/README.html
2025-08-25 18:48:24,695 - INFO - Generated: /Users/stephen.hilton/Dev/familyhilton.com/dev/attempts/02/blogs/2025-08-05--stephen--Confessions-of-GenX-Tech-Leader.html
2025-08-25 18:48:24,697 - INFO - Generated: /Users/stephen.hilton/Dev/familyhilton.com/dev/attempts/02/blogs/2025-08-12--stephen--Vibe-Coding-Web-Builder.html
2025-08-25 18:48:24,698 - INFO - Generated: /Users/stephen.hilton/Dev/familyhilton.com/dev/attempts/02/pets/sunny.html
2025-08-25 18:48:24,698 - INFO - Generated: /Users/stephen.hilton/Dev/familyhilton.com/dev/attempts/02/pets/luna.html
2025-08-25 18:48:24,698 - INFO - Generated: /Users/stephen.hilton/Dev/familyhilton.com/dev/attempts/02/pets/zelda.html
2025-08-25 18:48:24,699 - INFO - Generated: /Users/stephen.hilton/Dev/familyhilton.com/dev/attempts/02/people/joy.html
2025-08-25 18:48:24,700 - INFO - Generated: /Users/stephen.hilton/Dev/familyhilton.com/dev/attempts/02/people/stephen.html
2025-08-25 18:48:24,704 - INFO - Generated: /Users/stephen.hilton/Dev/familyhilton.com/dev/attempts/02/src/prompt.html
2025-08-25 18:48:24,705 - INFO - Site generation completed!
