2025-08-25 19:09:47,102 - INFO - Starting site generation...
2025-08-25 19:09:47,122 - INFO - Generated: /Users/stephen.hilton/Dev/familyhilton.com/dev/attempts/02/blogs.html
2025-08-25 19:09:47,163 - INFO - Generated: /Users/stephen.hilton/Dev/familyhilton.com/dev/attempts/02/pets.html
2025-08-25 19:09:47,166 - INFO - Generated: /Users/stephen.hilton/Dev/familyhilton.com/dev/attempts/02/about.html
2025-08-25 19:09:47,177 - INFO - Generated: /Users/stephen.hilton/Dev/familyhilton.com/dev/attempts/02/index.html
2025-08-25 19:09:47,182 - INFO - Generated: /Users/stephen.hilton/Dev/familyhilton.com/dev/attempts/02/people.html
2025-08-25 19:09:47,186 - INFO - Generated: /Users/stephen.hilton/Dev/familyhilton.com/dev/attempts/02/README.html
2025-08-25 19:09:47,188 - INFO - Generated: /Users/stephen.hilton/Dev/familyhilton.com/dev/attempts/02/blogs/2025-08-05--stephen--Confessions-of-GenX-Tech-Leader.html
2025-08-25 19:09:47,190 - INFO - Generated: /Users/stephen.hilton/Dev/familyhilton.com/dev/attempts/02/blogs/2025-08-12--stephen--Vibe-Coding-Web-Builder.html
2025-08-25 19:09:47,190 - INFO - Generated: /Users/stephen.hilton/Dev/familyhilton.com/dev/attempts/02/pets/sunny.html
2025-08-25 19:09:47,191 - INFO - Generated: /Users/stephen.hilton/Dev/familyhilton.com/dev/attempts/02/pets/luna.html
2025-08-25 19:09:47,192 - INFO - Generated: /Users/stephen.hilton/Dev/familyhilton.com/dev/attempts/02/pets/zelda.html
2025-08-25 19:09:47,193 - INFO - Generated: /Users/stephen.hilton/Dev/familyhilton.com/dev/attempts/02/people/joy.html
2025-08-25 19:09:47,193 - INFO - Generated: /Users/stephen.hilton/Dev/familyhilton.com/dev/attempts/02/people/stephen.html
2025-08-25 19:09:47,198 - INFO - Generated: /Users/stephen.hilton/Dev/familyhilton.com/dev/attempts/02/src/prompt.html
2025-08-25 19:09:47,201 - INFO - Site generation completed!
2025-08-25 19:09:47,288 - INFO - Starting site generation...
2025-08-25 19:09:47,306 - INFO - Generated: /Users/stephen.hilton/Dev/familyhilton.com/dev/attempts/02/blogs.html
2025-08-25 19:09:47,326 - INFO - Generated: /Users/stephen.hilton/Dev/familyhilton.com/dev/attempts/02/pets.html
2025-08-25 19:09:47,329 - INFO - Generated: /Users/stephen.hilton/Dev/familyhilton.com/dev/attempts/02/about.html
2025-08-25 19:09:47,336 - INFO - Generated: /Users/stephen.hilton/Dev/familyhilton.com/dev/attempts/02/index.html
2025-08-25 19:09:47,338 - INFO - Generated: /Users/stephen.hilton/Dev/familyhilton.com/dev/attempts/02/people.html
2025-08-25 19:09:47,340 - INFO - Generated: /Users/stephen.hilton/Dev/familyhilton.com/dev/attempts/02/README.html
2025-08-25 19:09:47,341 - INFO - Generated: /Users/stephen.hilton/Dev/familyhilton.com/dev/attempts/02/blogs/2025-08-05--stephen--Confessions-of-GenX-Tech-Leader.html
2025-08-25 19:09:47,343 - INFO - Generated: /Users/stephen.hilton/Dev/familyhilton.com/dev/attempts/02/blogs/2025-08-12--stephen--Vibe-Coding-Web-Builder.html
2025-08-25 19:09:47,344 - INFO - Generated: /Users/stephen.hilton/Dev/familyhilton.com/dev/attempts/02/pets/sunny.html
2025-08-25 19:09:47,344 - INFO - Generated: /Users/stephen.hilton/Dev/familyhilton.com/dev/attempts/02/pets/luna.html
2025-08-25 19:09:47,344 - INFO - Generated: /Users/stephen.hilton/Dev/familyhilton.com/dev/attempts/02/pets/zelda.html
2025-08-25 19:09:47,345 - INFO - Generated: /Users/stephen.hilton/Dev/familyhilton.com/dev/attempts/02/people/joy.html
2025-08-25 19:09:47,345 - INFO - Generated: /Users/stephen.hilton/Dev/familyhilton.com/dev/attempts/02/people/stephen.html
2025-08-25 19:09:47,350 - INFO - Generated: /Users/stephen.hilton/Dev/familyhilton.com/dev/attempts/02/src/prompt.html
2025-08-25 19:09:47,350 - INFO - Site generation completed!
