2025-08-25 15:40:15,926 - INFO - Starting site generation...
2025-08-25 15:40:15,946 - INFO - Generated: /Users/stephen.hilton/Dev/familyhilton.com/dev/attempts/02/blogs.html
2025-08-25 15:40:16,026 - INFO - Generated: /Users/stephen.hilton/Dev/familyhilton.com/dev/attempts/02/pets.html
2025-08-25 15:40:16,028 - INFO - Generated: /Users/stephen.hilton/Dev/familyhilton.com/dev/attempts/02/about.html
2025-08-25 15:40:16,032 - ERROR - Error rendering template navs/homepage.jinja: 'navs/homepage.jinja' not found in search path: '/Users/stephen.hilton/Dev/familyhilton.com/dev/attempts/02/src/templates'
2025-08-25 15:40:16,036 - INFO - Generated: /Users/stephen.hilton/Dev/familyhilton.com/dev/attempts/02/index.html
2025-08-25 15:40:16,039 - INFO - Generated: /Users/stephen.hilton/Dev/familyhilton.com/dev/attempts/02/people.html
2025-08-25 15:40:16,041 - ERROR - Error rendering template navs/[.jinja: 'navs/[.jinja' not found in search path: '/Users/stephen.hilton/Dev/familyhilton.com/dev/attempts/02/src/templates'
2025-08-25 15:40:16,041 - ERROR - Error rendering template navs/".jinja: 'navs/".jinja' not found in search path: '/Users/stephen.hilton/Dev/familyhilton.com/dev/attempts/02/src/templates'
2025-08-25 15:40:16,041 - ERROR - Error rendering template navs/t.jinja: 'navs/t.jinja' not found in search path: '/Users/stephen.hilton/Dev/familyhilton.com/dev/attempts/02/src/templates'
2025-08-25 15:40:16,041 - ERROR - Error rendering template navs/o.jinja: 'navs/o.jinja' not found in search path: '/Users/stephen.hilton/Dev/familyhilton.com/dev/attempts/02/src/templates'
2025-08-25 15:40:16,041 - ERROR - Error rendering template navs/p.jinja: 'navs/p.jinja' not found in search path: '/Users/stephen.hilton/Dev/familyhilton.com/dev/attempts/02/src/templates'
2025-08-25 15:40:16,041 - ERROR - Error rendering template navs/".jinja: 'navs/".jinja' not found in search path: '/Users/stephen.hilton/Dev/familyhilton.com/dev/attempts/02/src/templates'
2025-08-25 15:40:16,041 - ERROR - Error rendering template navs/].jinja: 'navs/].jinja' not found in search path: '/Users/stephen.hilton/Dev/familyhilton.com/dev/attempts/02/src/templates'
2025-08-25 15:40:16,041 - INFO - Generated: /Users/stephen.hilton/Dev/familyhilton.com/dev/attempts/02/blogs/2025-08-05--stephen--Confessions-of-GenX-Tech-Leader.html
2025-08-25 15:40:16,043 - ERROR - Error rendering template navs/[.jinja: 'navs/[.jinja' not found in search path: '/Users/stephen.hilton/Dev/familyhilton.com/dev/attempts/02/src/templates'
2025-08-25 15:40:16,043 - ERROR - Error rendering template navs/".jinja: 'navs/".jinja' not found in search path: '/Users/stephen.hilton/Dev/familyhilton.com/dev/attempts/02/src/templates'
2025-08-25 15:40:16,043 - ERROR - Error rendering template navs/t.jinja: 'navs/t.jinja' not found in search path: '/Users/stephen.hilton/Dev/familyhilton.com/dev/attempts/02/src/templates'
2025-08-25 15:40:16,043 - ERROR - Error rendering template navs/o.jinja: 'navs/o.jinja' not found in search path: '/Users/stephen.hilton/Dev/familyhilton.com/dev/attempts/02/src/templates'
2025-08-25 15:40:16,043 - ERROR - Error rendering template navs/p.jinja: 'navs/p.jinja' not found in search path: '/Users/stephen.hilton/Dev/familyhilton.com/dev/attempts/02/src/templates'
2025-08-25 15:40:16,043 - ERROR - Error rendering template navs/".jinja: 'navs/".jinja' not found in search path: '/Users/stephen.hilton/Dev/familyhilton.com/dev/attempts/02/src/templates'
2025-08-25 15:40:16,043 - ERROR - Error rendering template navs/].jinja: 'navs/].jinja' not found in search path: '/Users/stephen.hilton/Dev/familyhilton.com/dev/attempts/02/src/templates'
2025-08-25 15:40:16,043 - INFO - Generated: /Users/stephen.hilton/Dev/familyhilton.com/dev/attempts/02/blogs/2025-08-12--stephen--Vibe-Coding-Web-Builder.html
2025-08-25 15:40:16,043 - ERROR - Error rendering template navs/[.jinja: 'navs/[.jinja' not found in search path: '/Users/stephen.hilton/Dev/familyhilton.com/dev/attempts/02/src/templates'
2025-08-25 15:40:16,044 - ERROR - Error rendering template navs/".jinja: 'navs/".jinja' not found in search path: '/Users/stephen.hilton/Dev/familyhilton.com/dev/attempts/02/src/templates'
2025-08-25 15:40:16,044 - ERROR - Error rendering template navs/t.jinja: 'navs/t.jinja' not found in search path: '/Users/stephen.hilton/Dev/familyhilton.com/dev/attempts/02/src/templates'
2025-08-25 15:40:16,044 - ERROR - Error rendering template navs/o.jinja: 'navs/o.jinja' not found in search path: '/Users/stephen.hilton/Dev/familyhilton.com/dev/attempts/02/src/templates'
2025-08-25 15:40:16,044 - ERROR - Error rendering template navs/p.jinja: 'navs/p.jinja' not found in search path: '/Users/stephen.hilton/Dev/familyhilton.com/dev/attempts/02/src/templates'
2025-08-25 15:40:16,044 - ERROR - Error rendering template navs/".jinja: 'navs/".jinja' not found in search path: '/Users/stephen.hilton/Dev/familyhilton.com/dev/attempts/02/src/templates'
2025-08-25 15:40:16,044 - ERROR - Error rendering template navs/].jinja: 'navs/].jinja' not found in search path: '/Users/stephen.hilton/Dev/familyhilton.com/dev/attempts/02/src/templates'
2025-08-25 15:40:16,044 - INFO - Generated: /Users/stephen.hilton/Dev/familyhilton.com/dev/attempts/02/pets/sunny.html
2025-08-25 15:40:16,045 - ERROR - Error rendering template navs/[.jinja: 'navs/[.jinja' not found in search path: '/Users/stephen.hilton/Dev/familyhilton.com/dev/attempts/02/src/templates'
2025-08-25 15:40:16,045 - ERROR - Error rendering template navs/".jinja: 'navs/".jinja' not found in search path: '/Users/stephen.hilton/Dev/familyhilton.com/dev/attempts/02/src/templates'
2025-08-25 15:40:16,045 - ERROR - Error rendering template navs/t.jinja: 'navs/t.jinja' not found in search path: '/Users/stephen.hilton/Dev/familyhilton.com/dev/attempts/02/src/templates'
2025-08-25 15:40:16,045 - ERROR - Error rendering template navs/o.jinja: 'navs/o.jinja' not found in search path: '/Users/stephen.hilton/Dev/familyhilton.com/dev/attempts/02/src/templates'
2025-08-25 15:40:16,045 - ERROR - Error rendering template navs/p.jinja: 'navs/p.jinja' not found in search path: '/Users/stephen.hilton/Dev/familyhilton.com/dev/attempts/02/src/templates'
2025-08-25 15:40:16,045 - ERROR - Error rendering template navs/".jinja: 'navs/".jinja' not found in search path: '/Users/stephen.hilton/Dev/familyhilton.com/dev/attempts/02/src/templates'
2025-08-25 15:40:16,045 - ERROR - Error rendering template navs/].jinja: 'navs/].jinja' not found in search path: '/Users/stephen.hilton/Dev/familyhilton.com/dev/attempts/02/src/templates'
2025-08-25 15:40:16,045 - INFO - Generated: /Users/stephen.hilton/Dev/familyhilton.com/dev/attempts/02/pets/luna.html
2025-08-25 15:40:16,046 - INFO - Generated: /Users/stephen.hilton/Dev/familyhilton.com/dev/attempts/02/pets/zelda.html
2025-08-25 15:40:16,047 - ERROR - Error rendering template navs/[.jinja: 'navs/[.jinja' not found in search path: '/Users/stephen.hilton/Dev/familyhilton.com/dev/attempts/02/src/templates'
2025-08-25 15:40:16,047 - ERROR - Error rendering template navs/".jinja: 'navs/".jinja' not found in search path: '/Users/stephen.hilton/Dev/familyhilton.com/dev/attempts/02/src/templates'
2025-08-25 15:40:16,047 - ERROR - Error rendering template navs/t.jinja: 'navs/t.jinja' not found in search path: '/Users/stephen.hilton/Dev/familyhilton.com/dev/attempts/02/src/templates'
2025-08-25 15:40:16,047 - ERROR - Error rendering template navs/o.jinja: 'navs/o.jinja' not found in search path: '/Users/stephen.hilton/Dev/familyhilton.com/dev/attempts/02/src/templates'
2025-08-25 15:40:16,047 - ERROR - Error rendering template navs/p.jinja: 'navs/p.jinja' not found in search path: '/Users/stephen.hilton/Dev/familyhilton.com/dev/attempts/02/src/templates'
2025-08-25 15:40:16,047 - ERROR - Error rendering template navs/".jinja: 'navs/".jinja' not found in search path: '/Users/stephen.hilton/Dev/familyhilton.com/dev/attempts/02/src/templates'
2025-08-25 15:40:16,047 - ERROR - Error rendering template navs/].jinja: 'navs/].jinja' not found in search path: '/Users/stephen.hilton/Dev/familyhilton.com/dev/attempts/02/src/templates'
2025-08-25 15:40:16,047 - INFO - Generated: /Users/stephen.hilton/Dev/familyhilton.com/dev/attempts/02/people/joy.html
2025-08-25 15:40:16,048 - ERROR - Error rendering template navs/[.jinja: 'navs/[.jinja' not found in search path: '/Users/stephen.hilton/Dev/familyhilton.com/dev/attempts/02/src/templates'
2025-08-25 15:40:16,048 - ERROR - Error rendering template navs/".jinja: 'navs/".jinja' not found in search path: '/Users/stephen.hilton/Dev/familyhilton.com/dev/attempts/02/src/templates'
2025-08-25 15:40:16,048 - ERROR - Error rendering template navs/t.jinja: 'navs/t.jinja' not found in search path: '/Users/stephen.hilton/Dev/familyhilton.com/dev/attempts/02/src/templates'
2025-08-25 15:40:16,048 - ERROR - Error rendering template navs/o.jinja: 'navs/o.jinja' not found in search path: '/Users/stephen.hilton/Dev/familyhilton.com/dev/attempts/02/src/templates'
2025-08-25 15:40:16,048 - ERROR - Error rendering template navs/p.jinja: 'navs/p.jinja' not found in search path: '/Users/stephen.hilton/Dev/familyhilton.com/dev/attempts/02/src/templates'
2025-08-25 15:40:16,048 - ERROR - Error rendering template navs/".jinja: 'navs/".jinja' not found in search path: '/Users/stephen.hilton/Dev/familyhilton.com/dev/attempts/02/src/templates'
2025-08-25 15:40:16,048 - ERROR - Error rendering template navs/].jinja: 'navs/].jinja' not found in search path: '/Users/stephen.hilton/Dev/familyhilton.com/dev/attempts/02/src/templates'
2025-08-25 15:40:16,048 - INFO - Generated: /Users/stephen.hilton/Dev/familyhilton.com/dev/attempts/02/people/stephen.html
2025-08-25 15:40:16,054 - INFO - Generated: /Users/stephen.hilton/Dev/familyhilton.com/dev/attempts/02/src/prompt.html
2025-08-25 15:40:16,056 - INFO - Site generation completed!
